c:\users\arveon\desktop\platformergame\platformer0.2\release\vc140.pdb
c:\users\arveon\desktop\platformergame\platformer0.2\release\tilemap.obj
c:\users\arveon\desktop\platformergame\platformer0.2\release\soundmanager.obj
c:\users\arveon\desktop\platformergame\platformer0.2\release\player.obj
c:\users\arveon\desktop\platformergame\platformer0.2\release\mouse.obj
c:\users\arveon\desktop\platformergame\platformer0.2\release\menu.obj
c:\users\arveon\desktop\platformergame\platformer0.2\release\main.obj
c:\users\arveon\desktop\platformergame\platformer0.2\release\indicators.obj
c:\users\arveon\desktop\platformergame\platformer0.2\release\gameobject.obj
c:\users\arveon\desktop\platformergame\platformer0.2\release\game.obj
c:\users\arveon\desktop\platformergame\platformer0.2\release\enemy.obj
c:\users\arveon\desktop\platformergame\platformer0.2\release\camera.obj
c:\users\arveon\desktop\platformergame\platformer0.2\release\button.obj
c:\users\arveon\desktop\platformergame\release\platformer0.2.exe
c:\users\arveon\desktop\platformergame\release\platformer0.2.ipdb
c:\users\arveon\desktop\platformergame\release\platformer0.2.iobj
c:\users\arveon\desktop\platformergame\release\platformer0.2.pdb
c:\users\arveon\desktop\platformergame\platformer0.2\release\platformer0.2.tlog\cl.command.1.tlog
c:\users\arveon\desktop\platformergame\platformer0.2\release\platformer0.2.tlog\cl.read.1.tlog
c:\users\arveon\desktop\platformergame\platformer0.2\release\platformer0.2.tlog\cl.write.1.tlog
c:\users\arveon\desktop\platformergame\platformer0.2\release\platformer0.2.tlog\link.command.1.tlog
c:\users\arveon\desktop\platformergame\platformer0.2\release\platformer0.2.tlog\link.read.1.tlog
c:\users\arveon\desktop\platformergame\platformer0.2\release\platformer0.2.tlog\link.write.1.tlog
